Using pre-set license
Built from '2022.3/staging' branch; Version is '2022.3.49f1 (4dae1bb8668d) revision 5090843'; Using compiler version '192829333'; Build Type 'Release'
OS: 'Windows 10  (10.0.19045) 64bit Core' Language: 'fr' Physical Memory: 16331 MB
BatchMode: 1, IsHumanControllingUs: 0, StartBugReporterOnCrash: 0, Is64bit: 1, IsPro: 1

COMMAND LINE ARGUMENTS:
D:\Unity\Unity Hub\Editor\2022.3.49f1\Editor\Unity.exe
-adb2
-batchMode
-noUpm
-name
AssetImportWorker0
-projectPath
D:/GitHub/GuessThePicture/Guess_The_Picture
-logFile
Logs/AssetImportWorker0.log
-srvPort
54257
Successfully changed project path to: D:/GitHub/GuessThePicture/Guess_The_Picture
D:/GitHub/GuessThePicture/Guess_The_Picture
[UnityMemory] Configuration Parameters - Can be set up in boot.config
    "memorysetup-bucket-allocator-granularity=16"
    "memorysetup-bucket-allocator-bucket-count=8"
    "memorysetup-bucket-allocator-block-size=33554432"
    "memorysetup-bucket-allocator-block-count=8"
    "memorysetup-main-allocator-block-size=16777216"
    "memorysetup-thread-allocator-block-size=16777216"
    "memorysetup-gfx-main-allocator-block-size=16777216"
    "memorysetup-gfx-thread-allocator-block-size=16777216"
    "memorysetup-cache-allocator-block-size=4194304"
    "memorysetup-typetree-allocator-block-size=2097152"
    "memorysetup-profiler-bucket-allocator-granularity=16"
    "memorysetup-profiler-bucket-allocator-bucket-count=8"
    "memorysetup-profiler-bucket-allocator-block-size=33554432"
    "memorysetup-profiler-bucket-allocator-block-count=8"
    "memorysetup-profiler-allocator-block-size=16777216"
    "memorysetup-profiler-editor-allocator-block-size=1048576"
    "memorysetup-temp-allocator-size-main=16777216"
    "memorysetup-job-temp-allocator-block-size=2097152"
    "memorysetup-job-temp-allocator-block-size-background=1048576"
    "memorysetup-job-temp-allocator-reduction-small-platforms=262144"
    "memorysetup-allocator-temp-initial-block-size-main=262144"
    "memorysetup-allocator-temp-initial-block-size-worker=262144"
    "memorysetup-temp-allocator-size-background-worker=32768"
    "memorysetup-temp-allocator-size-job-worker=262144"
    "memorysetup-temp-allocator-size-preload-manager=33554432"
    "memorysetup-temp-allocator-size-nav-mesh-worker=65536"
    "memorysetup-temp-allocator-size-audio-worker=65536"
    "memorysetup-temp-allocator-size-cloud-worker=32768"
    "memorysetup-temp-allocator-size-gi-baking-worker=262144"
    "memorysetup-temp-allocator-size-gfx=262144"
Player connection [4324]  Target information:

Player connection [4324]  * "[IP] 192.168.1.45 [Port] 0 [Flags] 2 [Guid] 2798860427 [EditorId] 2798860427 [Version] 1048832 [Id] WindowsEditor(7,DESKTOP-BUA7V4Q) [Debug] 1 [PackageName] WindowsEditor [ProjectName] Editor" 

Player connection [4324] Host joined multi-casting on [225.0.0.222:54997]...
Player connection [4324] Host joined alternative multi-casting on [225.0.0.222:34997]...
[PhysX] Initialized MultithreadedTaskDispatcher with 4 workers.
Refreshing native plugins compatible for Editor in 427.78 ms, found 3 plugins.
Preloading 0 native plugins for Editor in 0.00 ms.
Initialize engine version: 2022.3.49f1 (4dae1bb8668d)
[Subsystems] Discovering subsystems at path D:/Unity/Unity Hub/Editor/2022.3.49f1/Editor/Data/Resources/UnitySubsystems
[Subsystems] Discovering subsystems at path D:/GitHub/GuessThePicture/Guess_The_Picture/Assets
GfxDevice: creating device client; threaded=0; jobified=0
Direct3D:
    Version:  Direct3D 11.0 [level 11.1]
    Renderer: NVIDIA GeForce GTX 1070 (ID=0x1b81)
    Vendor:   NVIDIA
    VRAM:     8067 MB
    Driver:   32.0.15.6094
Initialize mono
Mono path[0] = 'D:/Unity/Unity Hub/Editor/2022.3.49f1/Editor/Data/Managed'
Mono path[1] = 'D:/Unity/Unity Hub/Editor/2022.3.49f1/Editor/Data/MonoBleedingEdge/lib/mono/unityjit-win32'
Mono config path = 'D:/Unity/Unity Hub/Editor/2022.3.49f1/Editor/Data/MonoBleedingEdge/etc'
Using monoOptions --debugger-agent=transport=dt_socket,embedding=1,server=y,suspend=n,address=127.0.0.1:56100
Begin MonoManager ReloadAssembly
Registering precompiled unity dll's ...
Register platform support module: D:/Unity/Unity Hub/Editor/2022.3.49f1/Editor/Data/PlaybackEngines/AndroidPlayer/UnityEditor.Android.Extensions.dll
Register platform support module: D:/Unity/Unity Hub/Editor/2022.3.49f1/Editor/Data/PlaybackEngines/iOSSupport/UnityEditor.iOS.Extensions.dll
Register platform support module: D:/Unity/Unity Hub/Editor/2022.3.49f1/Editor/Data/PlaybackEngines/WindowsStandaloneSupport/UnityEditor.WindowsStandalone.Extensions.dll
Register platform support module: D:/Unity/Unity Hub/Editor/2022.3.49f1/Editor/Data/PlaybackEngines/MetroSupport/UnityEditor.UWP.Extensions.dll
Registered in 0.251199 seconds.
- Loaded All Assemblies, in  3.739 seconds
Native extension for UWP target not found
Native extension for WindowsStandalone target not found
[usbmuxd] Start listen thread
[usbmuxd] Listen thread started
Native extension for iOS target not found
Native extension for Android target not found
Unauthorized device detected, Id: ANQL6R3505013417, please add debug authorization and reconnect.
0x00007ff71a6ff48d (Unity) StackWalker::GetCurrentCallstack
0x00007ff71a704569 (Unity) StackWalker::ShowCallstack
0x00007ff71b6f60c1 (Unity) GetStacktrace
0x00007ff71bdb12fe (Unity) DebugStringToFile
0x00007ff719642628 (Unity) DebugLogHandler_CUSTOM_Internal_Log
0x0000021210303643 (Mono JIT Code) (wrapper managed-to-native) UnityEngine.DebugLogHandler:Internal_Log (UnityEngine.LogType,UnityEngine.LogOption,string,UnityEngine.Object)
0x000002121030345b (Mono JIT Code) UnityEngine.DebugLogHandler:LogFormat (UnityEngine.LogType,UnityEngine.Object,string,object[])
0x0000021210303321 (Mono JIT Code) UnityEngine.Logger:LogFormat (UnityEngine.LogType,string,object[])
0x0000021210303053 (Mono JIT Code) UnityEngine.Debug:LogFormat (string,object[])
0x000002121009dbf3 (Mono JIT Code) UnityEditor.Android.AndroidDeploymentTargetsExtension:GetKnownTargets (UnityEditor.DeploymentTargets.IDeploymentTargetsMainThreadContext,UnityEditor.ProgressHandler)
0x000002121009c3c4 (Mono JIT Code) UnityEditor.Android.TargetScanWorker:ScanSync ()
0x000002120f09b1c3 (Mono JIT Code) UnityEditor.Android.TargetExtension:OnUsbDevicesChanged (UnityEditor.Hardware.UsbDevice[])
0x000002120f0825c3 (Mono JIT Code) UnityEditor.Android.TargetExtension:OnLoad ()
0x000002120dabe07e (Mono JIT Code) UnityEditor.Modules.ModuleManager:InitializePlatformSupportModules ()
0x000002120d5f8e15 (Mono JIT Code) (wrapper runtime-invoke) object:runtime_invoke_void (object,intptr,intptr,intptr)
0x00007ffa732f4c2e (mono-2.0-bdwgc) mono_jit_runtime_invoke (at C:/build/output/Unity-Technologies/mono/mono/mini/mini-runtime.c:3445)
0x00007ffa7322d254 (mono-2.0-bdwgc) do_runtime_invoke (at C:/build/output/Unity-Technologies/mono/mono/metadata/object.c:3068)
0x00007ffa7322d3cc (mono-2.0-bdwgc) mono_runtime_invoke (at C:/build/output/Unity-Technologies/mono/mono/metadata/object.c:3115)
0x00007ff71a617a54 (Unity) scripting_method_invoke
0x00007ff71a5f5664 (Unity) ScriptingInvocation::Invoke
0x00007ff71a5f0185 (Unity) ScriptingInvocation::Invoke<void>
0x00007ff71a73dd5b (Unity) Scripting::UnityEditor::Modules::ModuleManagerProxy::InitializePlatformSupportModules
0x00007ff71a5e9d7d (Unity) MonoManager::SetupLoadedEditorAssemblies
0x00007ff71a5dfec4 (Unity) MonoManager::FinalizeReload
0x00007ff71a5e7679 (Unity) MonoManager::ReloadAssembly
0x00007ff71b593ff6 (Unity) LoadUnityMonoAssemblies
0x00007ff71b26cdb1 (Unity) Application::InitializeProject
0x00007ff71b700d55 (Unity) WinMain
0x00007ff71cab2ffe (Unity) __scrt_common_main_seh
0x00007ffb0add7374 (KERNEL32) BaseThreadInitThunk
0x00007ffb0b5bcc91 (ntdll) RtlUserThreadStart

Android Extension - Scanning For ADB Devices 26865 ms
Mono: successfully reloaded assembly
- Finished resetting the current domain, in 27.959 seconds
Domain Reload Profiling: 31697ms
	BeginReloadAssembly (2850ms)
		ExecutionOrderSort (0ms)
		DisableScriptedObjects (0ms)
		BackupInstance (0ms)
		ReleaseScriptingObjects (5ms)
		CreateAndSetChildDomain (2ms)
	RebuildCommonClasses (162ms)
	RebuildNativeTypeToScriptingClass (27ms)
	initialDomainReloadingComplete (371ms)
	LoadAllAssembliesAndSetupDomain (327ms)
		LoadAssemblies (2866ms)
		RebuildTransferFunctionScriptingTraits (0ms)
		AnalyzeDomain (301ms)
			TypeCache.Refresh (300ms)
				TypeCache.ScanAssembly (280ms)
			ScanForSourceGeneratedMonoScriptInfo (0ms)
			ResolveRequiredComponents (1ms)
	FinalizeReload (27960ms)
		ReleaseScriptCaches (0ms)
		RebuildScriptCaches (0ms)
		SetupLoadedEditorAssemblies (27787ms)
			LogAssemblyErrors (0ms)
			InitializePlatformSupportModulesInManaged (27470ms)
			SetLoadedEditorAssemblies (6ms)
			RefreshPlugins (0ms)
			BeforeProcessingInitializeOnLoad (3ms)
			ProcessInitializeOnLoadAttributes (209ms)
			ProcessInitializeOnLoadMethodAttributes (98ms)
			AfterProcessingInitializeOnLoad (0ms)
			EditorAssembliesLoaded (0ms)
		ExecutionOrderSort2 (0ms)
		AwakeInstancesAfterBackupRestoration (0ms)
========================================================================
Worker process is ready to serve import requests
Caller must complete domain reload
0x00007ff71a6ff48d (Unity) StackWalker::GetCurrentCallstack
0x00007ff71a704569 (Unity) StackWalker::ShowCallstack
0x00007ff71b6f60c1 (Unity) GetStacktrace
0x00007ff71bdb12fe (Unity) DebugStringToFile
0x00007ff71bdb103a (Unity) AssertImplementation
0x00007ff71b593a4c (Unity) Internal_ADB_WorkerOnly_DomainReload
0x00007ff71ba7a7f4 (Unity) WorkerDomainReloadV2
0x00007ff71ba9b41f (Unity) <lambda_943be6b2c5671afd01d59371cf3ef730>::operator()
0x00007ff71bad7292 (Unity) asio::detail::completion_handler<core::mutable_function<void __cdecl(void)>,asio::io_context::basic_executor_type<std::allocator<void>,0> >::do_complete
0x00007ff71bac323e (Unity) asio::detail::win_iocp_io_context::do_one
0x00007ff71bac4e6e (Unity) asio::detail::win_iocp_io_context::run
0x00007ff71bad563c (Unity) IOService::Run
0x00007ff71baa8a3f (Unity) AssetImportWorkerClient::Run
0x00007ff71ba743a7 (Unity) RunAssetImportWorkerClientV2
0x00007ff71ba7442b (Unity) RunAssetImporterV2
0x00007ff71b26cdce (Unity) Application::InitializeProject
0x00007ff71b700d55 (Unity) WinMain
0x00007ff71cab2ffe (Unity) __scrt_common_main_seh
0x00007ffb0add7374 (KERNEL32) BaseThreadInitThunk
0x00007ffb0b5bcc91 (ntdll) RtlUserThreadStart

Begin MonoManager ReloadAssembly
- Loaded All Assemblies, in  6.660 seconds
Native extension for UWP target not found
Native extension for WindowsStandalone target not found
Native extension for iOS target not found
Native extension for Android target not found
GPGSUpgrader start
0x00007ff71a6ff48d (Unity) StackWalker::GetCurrentCallstack
0x00007ff71a704569 (Unity) StackWalker::ShowCallstack
0x00007ff71b6f60c1 (Unity) GetStacktrace
0x00007ff71bdb12fe (Unity) DebugStringToFile
0x00007ff719642628 (Unity) DebugLogHandler_CUSTOM_Internal_Log
0x00000212208e4d43 (Mono JIT Code) (wrapper managed-to-native) UnityEngine.DebugLogHandler:Internal_Log (UnityEngine.LogType,UnityEngine.LogOption,string,UnityEngine.Object)
0x00000212208e4a1b (Mono JIT Code) UnityEngine.DebugLogHandler:LogFormat (UnityEngine.LogType,UnityEngine.Object,string,object[])
0x00000212208e47a0 (Mono JIT Code) UnityEngine.Logger:Log (UnityEngine.LogType,object)
0x00000212208e4668 (Mono JIT Code) UnityEngine.Debug:Log (object)
0x00000212208e436b (Mono JIT Code) GooglePlayGames.Editor.GPGSUpgrader:.cctor () (at D:/GitHub/GuessThePicture/Guess_The_Picture/Assets/GooglePlayGames/com.google.play.games/Editor/GPGSUpgrader.cs:40)
0x00000212208e4585 (Mono JIT Code) (wrapper runtime-invoke) object:runtime_invoke_void (object,intptr,intptr,intptr)
0x00007ffa732f4c2e (mono-2.0-bdwgc) mono_jit_runtime_invoke (at C:/build/output/Unity-Technologies/mono/mono/mini/mini-runtime.c:3445)
0x00007ffa7322d254 (mono-2.0-bdwgc) do_runtime_invoke (at C:/build/output/Unity-Technologies/mono/mono/metadata/object.c:3068)
0x00007ffa73227ff9 (mono-2.0-bdwgc) mono_runtime_class_init_full (at C:/build/output/Unity-Technologies/mono/mono/metadata/object.c:563)
0x00007ffa7315de07 (mono-2.0-bdwgc) ves_icall_System_Runtime_CompilerServices_RuntimeHelpers_RunClassConstructor (at C:/build/output/Unity-Technologies/mono/mono/metadata/icall.c:1292)
0x00007ffa7318feec (mono-2.0-bdwgc) ves_icall_System_Runtime_CompilerServices_RuntimeHelpers_RunClassConstructor_raw (at C:/build/output/Unity-Technologies/mono/mono/metadata/icall-def.h:756)
0x000002121436c9ea (Mono JIT Code) (wrapper managed-to-native) System.Runtime.CompilerServices.RuntimeHelpers:RunClassConstructor (intptr)
0x000002121436c8fb (Mono JIT Code) System.Runtime.CompilerServices.RuntimeHelpers:RunClassConstructor (System.RuntimeTypeHandle)
0x0000021214368d1b (Mono JIT Code) UnityEditor.EditorAssemblies:ProcessInitializeOnLoadAttributes (System.Type[])
0x000002120d64fcd8 (Mono JIT Code) (wrapper runtime-invoke) <Module>:runtime_invoke_void_object (object,intptr,intptr,intptr)
0x00007ffa732f4c2e (mono-2.0-bdwgc) mono_jit_runtime_invoke (at C:/build/output/Unity-Technologies/mono/mono/mini/mini-runtime.c:3445)
0x00007ffa7322d254 (mono-2.0-bdwgc) do_runtime_invoke (at C:/build/output/Unity-Technologies/mono/mono/metadata/object.c:3068)
0x00007ffa7322d3cc (mono-2.0-bdwgc) mono_runtime_invoke (at C:/build/output/Unity-Technologies/mono/mono/metadata/object.c:3115)
0x00007ff71a617a54 (Unity) scripting_method_invoke
0x00007ff71a5f5664 (Unity) ScriptingInvocation::Invoke
0x00007ff71a5f0185 (Unity) ScriptingInvocation::Invoke<void>
0x00007ff71a741753 (Unity) Scripting::UnityEditor::EditorAssembliesProxy::ProcessInitializeOnLoadAttributes
0x00007ff71a5ea038 (Unity) MonoManager::SetupLoadedEditorAssemblies
0x00007ff71a5dfec4 (Unity) MonoManager::FinalizeReload
0x00007ff71a5e7679 (Unity) MonoManager::ReloadAssembly
0x00007ff71b593bbb (Unity) LoadDomainAndUserAssemblies
0x00007ff71ba7a7f4 (Unity) WorkerDomainReloadV2
0x00007ff71ba9b41f (Unity) <lambda_943be6b2c5671afd01d59371cf3ef730>::operator()
0x00007ff71bad7292 (Unity) asio::detail::completion_handler<core::mutable_function<void __cdecl(void)>,asio::io_context::basic_executor_type<std::allocator<void>,0> >::do_complete
0x00007ff71bac323e (Unity) asio::detail::win_iocp_io_context::do_one
0x00007ff71bac4e6e (Unity) asio::detail::win_iocp_io_context::run
0x00007ff71bad563c (Unity) IOService::Run
0x00007ff71baa8a3f (Unity) AssetImportWorkerClient::Run
0x00007ff71ba743a7 (Unity) RunAssetImportWorkerClientV2
0x00007ff71ba7442b (Unity) RunAssetImporterV2
0x00007ff71b26cdce (Unity) Application::InitializeProject
0x00007ff71b700d55 (Unity) WinMain
0x00007ff71cab2ffe (Unity) __scrt_common_main_seh
0x00007ffb0add7374 (KERNEL32) BaseThreadInitThunk
0x00007ffb0b5bcc91 (ntdll) RtlUserThreadStart

GPGSUpgrader done
0x00007ff71a6ff48d (Unity) StackWalker::GetCurrentCallstack
0x00007ff71a704569 (Unity) StackWalker::ShowCallstack
0x00007ff71b6f60c1 (Unity) GetStacktrace
0x00007ff71bdb12fe (Unity) DebugStringToFile
0x00007ff719642628 (Unity) DebugLogHandler_CUSTOM_Internal_Log
0x00000212208e4d43 (Mono JIT Code) (wrapper managed-to-native) UnityEngine.DebugLogHandler:Internal_Log (UnityEngine.LogType,UnityEngine.LogOption,string,UnityEngine.Object)
0x00000212208e4a1b (Mono JIT Code) UnityEngine.DebugLogHandler:LogFormat (UnityEngine.LogType,UnityEngine.Object,string,object[])
0x00000212208e47a0 (Mono JIT Code) UnityEngine.Logger:Log (UnityEngine.LogType,object)
0x00000212208e4668 (Mono JIT Code) UnityEngine.Debug:Log (object)
0x00000212208e446b (Mono JIT Code) GooglePlayGames.Editor.GPGSUpgrader:.cctor () (at D:/GitHub/GuessThePicture/Guess_The_Picture/Assets/GooglePlayGames/com.google.play.games/Editor/GPGSUpgrader.cs:58)
0x00000212208e4585 (Mono JIT Code) (wrapper runtime-invoke) object:runtime_invoke_void (object,intptr,intptr,intptr)
0x00007ffa732f4c2e (mono-2.0-bdwgc) mono_jit_runtime_invoke (at C:/build/output/Unity-Technologies/mono/mono/mini/mini-runtime.c:3445)
0x00007ffa7322d254 (mono-2.0-bdwgc) do_runtime_invoke (at C:/build/output/Unity-Technologies/mono/mono/metadata/object.c:3068)
0x00007ffa73227ff9 (mono-2.0-bdwgc) mono_runtime_class_init_full (at C:/build/output/Unity-Technologies/mono/mono/metadata/object.c:563)
0x00007ffa7315de07 (mono-2.0-bdwgc) ves_icall_System_Runtime_CompilerServices_RuntimeHelpers_RunClassConstructor (at C:/build/output/Unity-Technologies/mono/mono/metadata/icall.c:1292)
0x00007ffa7318feec (mono-2.0-bdwgc) ves_icall_System_Runtime_CompilerServices_RuntimeHelpers_RunClassConstructor_raw (at C:/build/output/Unity-Technologies/mono/mono/metadata/icall-def.h:756)
0x000002121436c9ea (Mono JIT Code) (wrapper managed-to-native) System.Runtime.CompilerServices.RuntimeHelpers:RunClassConstructor (intptr)
0x000002121436c8fb (Mono JIT Code) System.Runtime.CompilerServices.RuntimeHelpers:RunClassConstructor (System.RuntimeTypeHandle)
0x0000021214368d1b (Mono JIT Code) UnityEditor.EditorAssemblies:ProcessInitializeOnLoadAttributes (System.Type[])
0x000002120d64fcd8 (Mono JIT Code) (wrapper runtime-invoke) <Module>:runtime_invoke_void_object (object,intptr,intptr,intptr)
0x00007ffa732f4c2e (mono-2.0-bdwgc) mono_jit_runtime_invoke (at C:/build/output/Unity-Technologies/mono/mono/mini/mini-runtime.c:3445)
0x00007ffa7322d254 (mono-2.0-bdwgc) do_runtime_invoke (at C:/build/output/Unity-Technologies/mono/mono/metadata/object.c:3068)
0x00007ffa7322d3cc (mono-2.0-bdwgc) mono_runtime_invoke (at C:/build/output/Unity-Technologies/mono/mono/metadata/object.c:3115)
0x00007ff71a617a54 (Unity) scripting_method_invoke
0x00007ff71a5f5664 (Unity) ScriptingInvocation::Invoke
0x00007ff71a5f0185 (Unity) ScriptingInvocation::Invoke<void>
0x00007ff71a741753 (Unity) Scripting::UnityEditor::EditorAssembliesProxy::ProcessInitializeOnLoadAttributes
0x00007ff71a5ea038 (Unity) MonoManager::SetupLoadedEditorAssemblies
0x00007ff71a5dfec4 (Unity) MonoManager::FinalizeReload
0x00007ff71a5e7679 (Unity) MonoManager::ReloadAssembly
0x00007ff71b593bbb (Unity) LoadDomainAndUserAssemblies
0x00007ff71ba7a7f4 (Unity) WorkerDomainReloadV2
0x00007ff71ba9b41f (Unity) <lambda_943be6b2c5671afd01d59371cf3ef730>::operator()
0x00007ff71bad7292 (Unity) asio::detail::completion_handler<core::mutable_function<void __cdecl(void)>,asio::io_context::basic_executor_type<std::allocator<void>,0> >::do_complete
0x00007ff71bac323e (Unity) asio::detail::win_iocp_io_context::do_one
0x00007ff71bac4e6e (Unity) asio::detail::win_iocp_io_context::run
0x00007ff71bad563c (Unity) IOService::Run
0x00007ff71baa8a3f (Unity) AssetImportWorkerClient::Run
0x00007ff71ba743a7 (Unity) RunAssetImportWorkerClientV2
0x00007ff71ba7442b (Unity) RunAssetImporterV2
0x00007ff71b26cdce (Unity) Application::InitializeProject
0x00007ff71b700d55 (Unity) WinMain
0x00007ff71cab2ffe (Unity) __scrt_common_main_seh
0x00007ffb0add7374 (KERNEL32) BaseThreadInitThunk
0x00007ffb0b5bcc91 (ntdll) RtlUserThreadStart

Package Manager log level set to [2]
[Package Manager] Server::EnsureServerProcessIsRunning -- launch failed, reason: Unity was launched with the -noUpm command-line argument
[Package Manager] UpmClient::Send -- Unable to send message (not connected to UPM process).
[Package Manager] Cannot connect to Unity Package Manager local server
Mono: successfully reloaded assembly
[Package Manager] Server::EnsureServerProcessIsRunning -- launch failed, reason: Unity was launched with the -noUpm command-line argument
[Package Manager] UpmClient::Send -- Unable to send message (not connected to UPM process).
[Package Manager] Cannot connect to Unity Package Manager local server
[Package Manager] Server::EnsureServerProcessIsRunning -- launch failed, reason: Unity was launched with the -noUpm command-line argument
[Package Manager] UpmClient::Send -- Unable to send message (not connected to UPM process).
[Package Manager] Cannot connect to Unity Package Manager local server
- Finished resetting the current domain, in  5.338 seconds
Domain Reload Profiling: 11998ms
	BeginReloadAssembly (397ms)
		ExecutionOrderSort (0ms)
		DisableScriptedObjects (14ms)
		BackupInstance (0ms)
		ReleaseScriptingObjects (0ms)
		CreateAndSetChildDomain (34ms)
	RebuildCommonClasses (89ms)
	RebuildNativeTypeToScriptingClass (22ms)
	initialDomainReloadingComplete (73ms)
	LoadAllAssembliesAndSetupDomain (6078ms)
		LoadAssemblies (2579ms)
		RebuildTransferFunctionScriptingTraits (0ms)
		AnalyzeDomain (3750ms)
			TypeCache.Refresh (3688ms)
				TypeCache.ScanAssembly (2738ms)
			ScanForSourceGeneratedMonoScriptInfo (48ms)
			ResolveRequiredComponents (12ms)
	FinalizeReload (5339ms)
		ReleaseScriptCaches (0ms)
		RebuildScriptCaches (0ms)
		SetupLoadedEditorAssemblies (4978ms)
			LogAssemblyErrors (0ms)
			InitializePlatformSupportModulesInManaged (2235ms)
			SetLoadedEditorAssemblies (10ms)
			RefreshPlugins (0ms)
			BeforeProcessingInitializeOnLoad (147ms)
			ProcessInitializeOnLoadAttributes (2361ms)
			ProcessInitializeOnLoadMethodAttributes (217ms)
			AfterProcessingInitializeOnLoad (7ms)
			EditorAssembliesLoaded (3ms)
		ExecutionOrderSort2 (0ms)
		AwakeInstancesAfterBackupRestoration (19ms)
Launched and connected shader compiler UnityShaderCompiler.exe after 0.32 seconds
Refreshing native plugins compatible for Editor in 1225.77 ms, found 3 plugins.
Preloading 0 native plugins for Editor in 0.00 ms.
Unloading 3204 Unused Serialized files (Serialized files now loaded: 0)
Unloading 37 unused Assets / (58.0 KB). Loaded Objects now: 3684.
Memory consumption went from 127.4 MB to 127.3 MB.
Total: 14.472500 ms (FindLiveObjects: 0.279600 ms CreateObjectMapping: 0.838800 ms MarkObjects: 13.053000 ms  DeleteObjects: 0.299700 ms)

AssetImportParameters requested are different than current active one (requested -> active):
  custom:video-decoder-webm-vp8: 9c59270c3fd7afecdb556c50c9e8de78 -> 
  custom:SearchIndexIgnoredProperties: e643bd26f0fe6173181afceb89e7c659 -> 
  custom:container-demuxer-ogg: 62fdf1f143b41e24485cea50d1cbac27 -> 
  custom:AudioImporter_EditorPlatform: d09bf68614088b80899f8185d706f6e7 -> 
  custom:video-decoder-ogg-theora: a1e56fd34408186e4bbccfd4996cb3dc -> 
  custom:framework-win-MediaFoundation: 216162199b28c13a410421893ffa2e32 -> 
  custom:video-encoder-webm-vp8: eb34c28f22e8b96e1ab97ce403110664 -> 
  custom:audio-decoder-ogg-vorbis: bf7c407c2cedff20999df2af8eb42d56 -> 
  custom:CustomObjectIndexerAttribute: 9a22284fe3817be447336de3de66b15e -> 
  custom:container-demuxer-webm: 4f35f7cbe854078d1ac9338744f61a02 -> 
  custom:audio-encoder-webm-vorbis: bf7c407c2cedff20999df2af8eb42d56 -> 
  custom:container-muxer-webm: aa71ff27fc2769a1b78a27578f13a17b -> 
========================================================================
Received Import Request.
  Time since last request: 7675.868948 seconds.
  path: Assets/Scripts/Google/GoogleManager.cs
  artifactKey: Guid(c8372b19e01b69a498519d6d5b41046f) Importer(815301076,1909f56bfc062723c751e8b465ee728b)
Start importing Assets/Scripts/Google/GoogleManager.cs using Guid(c8372b19e01b69a498519d6d5b41046f) Importer(815301076,1909f56bfc062723c751e8b465ee728b) [PhysX] Initialized MultithreadedTaskDispatcher with 4 workers.
 -> (artifact id: '97cbc57c7c795e212eb4b4faf35610ff') in 0.043846 seconds
Number of updated asset objects reloaded before import = 0
Number of asset objects unloaded after import = 0
========================================================================
Received Prepare
Refreshing native plugins compatible for Editor in 11.84 ms, found 3 plugins.
Preloading 0 native plugins for Editor in 0.00 ms.
Unloading 0 Unused Serialized files (Serialized files now loaded: 0)
Unloading 1 unused Assets / (0.9 KB). Loaded Objects now: 3684.
Memory consumption went from 72.2 MB to 72.2 MB.
Total: 4.030200 ms (FindLiveObjects: 0.250600 ms CreateObjectMapping: 0.195000 ms MarkObjects: 3.561600 ms  DeleteObjects: 0.021400 ms)

Prepare: number of updated asset objects reloaded= 0
AssetImportParameters requested are different than current active one (requested -> active):
  custom:video-decoder-webm-vp8: 9c59270c3fd7afecdb556c50c9e8de78 -> 
  custom:SearchIndexIgnoredProperties: e643bd26f0fe6173181afceb89e7c659 -> 
  custom:container-demuxer-ogg: 62fdf1f143b41e24485cea50d1cbac27 -> 
  custom:AudioImporter_EditorPlatform: d09bf68614088b80899f8185d706f6e7 -> 
  custom:video-decoder-ogg-theora: a1e56fd34408186e4bbccfd4996cb3dc -> 
  custom:framework-win-MediaFoundation: 216162199b28c13a410421893ffa2e32 -> 
  custom:video-encoder-webm-vp8: eb34c28f22e8b96e1ab97ce403110664 -> 
  custom:audio-decoder-ogg-vorbis: bf7c407c2cedff20999df2af8eb42d56 -> 
  custom:CustomObjectIndexerAttribute: 9a22284fe3817be447336de3de66b15e -> 
  custom:container-demuxer-webm: 4f35f7cbe854078d1ac9338744f61a02 -> 
  custom:audio-encoder-webm-vorbis: bf7c407c2cedff20999df2af8eb42d56 -> 
  custom:container-muxer-webm: aa71ff27fc2769a1b78a27578f13a17b -> 
